<?xml version="1.0" encoding="UTF-8"?>
<!-- Generated by org.testng.reporters.JUnitXMLReporter -->
<testsuite ignored="4" hostname="DESKTOP-H5BE4LR" failures="0" tests="5" name="Surefire test" time="122.568" errors="0" timestamp="2022-07-28T16:17:50 IST">
  <testcase classname="com.Mystore.testcases.HomePageTest" name="Verifylists" time="18.386"/>
  <testcase classname="com.Mystore.testcases.IndexPageTest" name="VerifyLog" time="0.105"/>
  <testcase classname="com.Mystore.testcases.IndexPageTest" name="VerifyTitle" time="0.009"/>
  <testcase classname="com.Mystore.testcases.LoginLPageTest" name="CrateAccount" time="12.81"/>
  <testcase classname="com.Mystore.testcases.LoginLPageTest" name="login" time="28.801"/>
  <testcase classname="com.Mystore.base.BaseClass" name="@BeforeSuite loadconfig" time="0.0">
    <ignored/>
  </testcase> <!-- @BeforeSuite loadconfig -->
  <testcase classname="com.Mystore.base.BaseClass" name="@BeforeSuite loadconfig" time="0.0">
    <ignored/>
  </testcase> <!-- @BeforeSuite loadconfig -->
  <testcase classname="com.Mystore.base.BaseClass" name="@AfterSuite afertsutie" time="0.0">
    <ignored/>
  </testcase> <!-- @AfterSuite afertsutie -->
  <testcase classname="com.Mystore.base.BaseClass" name="@AfterSuite afertsutie" time="0.0">
    <ignored/>
  </testcase> <!-- @AfterSuite afertsutie -->
</testsuite> <!-- Surefire test -->
