<?xml version="1.0" encoding="UTF-8"?>
<!-- Generated by org.testng.reporters.JUnitXMLReporter -->
<testsuite ignored="4" hostname="DESKTOP-H5BE4LR" failures="0" tests="5" name="Surefire test" time="106.23" errors="0" timestamp="2022-07-28T15:10:43 IST">
  <testcase classname="com.Mystore.testcases.HomePageTest" name="Verifylists" time="17.616"/>
  <testcase classname="com.Mystore.testcases.IndexPageTest" name="VerifyLog" time="0.1"/>
  <testcase classname="com.Mystore.testcases.IndexPageTest" name="VerifyTitle" time="0.008"/>
  <testcase classname="com.Mystore.testcases.LoginLPageTest" name="CrateAccount" time="5.564"/>
  <testcase classname="com.Mystore.testcases.LoginLPageTest" name="login" time="10.588"/>
  <testcase classname="com.Mystore.base.BaseClass" name="@BeforeSuite loadconfig" time="0.0">
    <ignored/>
  </testcase> <!-- @BeforeSuite loadconfig -->
  <testcase classname="com.Mystore.base.BaseClass" name="@BeforeSuite loadconfig" time="0.0">
    <ignored/>
  </testcase> <!-- @BeforeSuite loadconfig -->
  <testcase classname="com.Mystore.base.BaseClass" name="@AfterSuite afertsutie" time="0.0">
    <ignored/>
  </testcase> <!-- @AfterSuite afertsutie -->
  <testcase classname="com.Mystore.base.BaseClass" name="@AfterSuite afertsutie" time="0.0">
    <ignored/>
  </testcase> <!-- @AfterSuite afertsutie -->
</testsuite> <!-- Surefire test -->
