<?xml version="1.0" encoding="UTF-8"?>
<testsuite name="TestSuite" time="60.12" tests="5" errors="0" skipped="0" failures="0">
  <properties>
[...]
</properties>
  <testcase name="Verifylists" classname="com.Mystore.testcases.HomePageTest" time="18.391"/>
  <testcase name="VerifyLog" classname="com.Mystore.testcases.IndexPageTest" time="0.104"/>
  <testcase name="VerifyTitle" classname="com.Mystore.testcases.IndexPageTest" time="0.008"/>
  <testcase name="CrateAccount" classname="com.Mystore.testcases.LoginLPageTest" time="12.815"/>
  <testcase name="login" classname="com.Mystore.testcases.LoginLPageTest" time="28.802"/>
</testsuite>