<?xml version="1.0" encoding="UTF-8"?>
<testng-results ignored="0" total="1" passed="1" failed="0" skipped="0">
  <reporter-output>
  </reporter-output>
  <suite started-at="2022-07-28T15:55:36 IST" name="Default suite" finished-at="2022-07-28T15:56:14 IST" duration-ms="38237">
    <groups>
    </groups>
    <test started-at="2022-07-28T15:55:36 IST" name="Default test" finished-at="2022-07-28T15:56:14 IST" duration-ms="38237">
      <class name="com.Mystore.testcases.endtoendTestPage">
        <test-method is-config="true" signature="loadconfig()[pri:0, instance:com.Mystore.testcases.endtoendTestPage@6a192cfe]" started-at="2022-07-28T15:55:35 IST" name="loadconfig" finished-at="2022-07-28T15:55:36 IST" duration-ms="494" status="PASS">
          <reporter-output>
          </reporter-output>
        </test-method> <!-- loadconfig -->
        <test-method is-config="true" signature="setup()[pri:0, instance:com.Mystore.testcases.endtoendTestPage@6a192cfe]" started-at="2022-07-28T15:55:36 IST" name="setup" finished-at="2022-07-28T15:55:48 IST" duration-ms="12310" status="PASS">
          <reporter-output>
          </reporter-output>
        </test-method> <!-- setup -->
        <test-method signature="compltetest()[pri:0, instance:com.Mystore.testcases.endtoendTestPage@6a192cfe]" started-at="2022-07-28T15:55:48 IST" name="compltetest" finished-at="2022-07-28T15:56:14 IST" duration-ms="25380" status="PASS">
          <reporter-output>
          </reporter-output>
        </test-method> <!-- compltetest -->
        <test-method is-config="true" signature="teardown()[pri:0, instance:com.Mystore.testcases.endtoendTestPage@6a192cfe]" started-at="2022-07-28T15:56:14 IST" name="teardown" finished-at="2022-07-28T15:56:14 IST" duration-ms="454" status="PASS">
          <reporter-output>
          </reporter-output>
        </test-method> <!-- teardown -->
        <test-method is-config="true" signature="afertsutie()[pri:0, instance:com.Mystore.testcases.endtoendTestPage@6a192cfe]" started-at="2022-07-28T15:56:14 IST" name="afertsutie" finished-at="2022-07-28T15:56:14 IST" duration-ms="4" status="PASS">
          <reporter-output>
          </reporter-output>
        </test-method> <!-- afertsutie -->
      </class> <!-- com.Mystore.testcases.endtoendTestPage -->
    </test> <!-- Default test -->
  </suite> <!-- Default suite -->
</testng-results>
