<?xml version="1.0" encoding="UTF-8"?>
<testng-results ignored="0" total="1" passed="1" failed="0" skipped="0">
  <reporter-output>
  </reporter-output>
  <suite started-at="2022-07-21T18:11:40 IST" name="Default suite" finished-at="2022-07-21T18:12:23 IST" duration-ms="42321">
    <groups>
    </groups>
    <test started-at="2022-07-21T18:11:40 IST" name="Default test" finished-at="2022-07-21T18:12:23 IST" duration-ms="42321">
      <class name="com.Mystore.testcases.HomePageTest">
        <test-method is-config="true" signature="loadconfig()[pri:0, instance:com.Mystore.testcases.HomePageTest@1ed1993a]" started-at="2022-07-21T18:11:40 IST" name="loadconfig" finished-at="2022-07-21T18:11:40 IST" duration-ms="16" status="PASS">
          <reporter-output>
          </reporter-output>
        </test-method> <!-- loadconfig -->
        <test-method is-config="true" signature="setup()[pri:0, instance:com.Mystore.testcases.HomePageTest@1ed1993a]" started-at="2022-07-21T18:11:40 IST" name="setup" finished-at="2022-07-21T18:11:56 IST" duration-ms="15507" status="PASS">
          <reporter-output>
          </reporter-output>
        </test-method> <!-- setup -->
        <test-method signature="Verifylists()[pri:0, instance:com.Mystore.testcases.HomePageTest@1ed1993a]" started-at="2022-07-21T18:11:56 IST" name="Verifylists" finished-at="2022-07-21T18:12:22 IST" duration-ms="26312" status="PASS">
          <reporter-output>
          </reporter-output>
        </test-method> <!-- Verifylists -->
        <test-method is-config="true" signature="teardown()[pri:0, instance:com.Mystore.testcases.HomePageTest@1ed1993a]" started-at="2022-07-21T18:12:22 IST" name="teardown" finished-at="2022-07-21T18:12:23 IST" duration-ms="427" status="PASS">
          <reporter-output>
          </reporter-output>
        </test-method> <!-- teardown -->
      </class> <!-- com.Mystore.testcases.HomePageTest -->
    </test> <!-- Default test -->
  </suite> <!-- Default suite -->
</testng-results>
